[2022-06-27 14:25:51,909][read_data.py 35][INFO]: 加载 D:\333工作文件\学习资源\pytestDemo-master\config\setting.ini 文件......
[2022-06-27 14:25:51,978][read_data.py 35][INFO]: 加载 D:\333工作文件\学习资源\pytestDemo-master\config\setting.ini 文件......
[2022-06-27 14:27:30,470][read_data.py 35][INFO]: 加载 D:\333工作文件\学习资源\pytestDemo-master\config\setting.ini 文件......
[2022-06-27 14:27:30,528][read_data.py 35][INFO]: 加载 D:\333工作文件\学习资源\pytestDemo-master\config\setting.ini 文件......
[2022-06-27 14:27:30,533][read_data.py 21][INFO]: 加载 D:\333工作文件\学习资源\pytestDemo-master\data\base_data.yml 文件......
[2022-06-27 14:27:30,536][read_data.py 24][INFO]: 读到数据 ==>>  {'init_admin_user': {'username': 'wintest', 'password': '123456'}, 'init_sql': {'insert_delete_user': ["INSERT INTO user(username, password, role, sex, telephone, address) VALUES('测试test', '123456', '1', '1', '13488888888', '北京市海淀区')", "DELETE FROM user WHERE username = '测试test'"], 'delete_register_user': "DELETE FROM user WHERE username = '测试test'", 'update_user_telephone': "UPDATE user SET telephone = '13500010004' WHERE id = 4"}} 
[2022-06-27 14:27:30,538][read_data.py 21][INFO]: 加载 D:\333工作文件\学习资源\pytestDemo-master\data\api_test_data.yml 文件......
[2022-06-27 14:27:30,553][read_data.py 24][INFO]: 读到数据 ==>>  {'test_get_all_user_info': [[True, 0, '查询成功']], 'test_get_get_one_user_info': [['wintest4', True, 0, '查询成功'], ['wintest1111', False, '1004', '查不到相关用户']], 'test_register_user': [['测试test', '123456', '13599999999', '1', '深圳市宝安区', True, 0, '注册成功'], ['测试test', '123456', '13599999999', '3', '深圳市宝安区', False, 2003, '输入的性别只能是 0(男) 或 1(女)'], ['wintest4', '123456', '13599999999', '1', '深圳市宝安区', False, 2002, '用户名已存在']], 'test_login_user': [['wintest', '123456', True, 0, '登录成功'], ['测试test', '123456', False, 1003, '用户名不存在']], 'test_update_user': [[4, '123456', '13500010014', '1', '深圳市宝安区', True, 0, '修改用户信息成功'], [4, '123456', '1350001001', '1', '深圳市宝安区', False, 4008, '手机号格式不正确'], [111, '123456', '13500010014', '1', '深圳市宝安区', False, 4005, '用户ID不存在']], 'test_delete_user': [['测试test', True, 0, '删除用户信息成功'], ['wintest3', False, 3006, '该用户不允许删除']]} 
[2022-06-27 14:27:30,553][read_data.py 21][INFO]: 加载 D:\333工作文件\学习资源\pytestDemo-master\data\scenario_test_data.yml 文件......
[2022-06-27 14:27:30,587][read_data.py 24][INFO]: 读到数据 ==>>  {'test_user_register_login_list': {'username': '测试test', 'password': '123456', 'telephone': '13599999999', 'sex': '1', 'address': '深圳市宝安区', 'except_result': True, 'except_code': 0, 'except_msg': '查询成功'}, 'test_user_repeat_register': {'username': '测试test', 'password': '123456', 'telephone': '13599999999', 'sex': '1', 'address': '深圳市宝安区', 'except_result': False, 'except_code': 2002, 'except_msg': '用户名已存在，注册失败'}, 'test_user_register_login_update_success': {'register': {'username': '测试test', 'password': '123456', 'telephone': '13599999999', 'sex': '1', 'address': '深圳市宝安区'}, 'login': {'admin_user': 'wintest', 'admin_pwd': '123456'}, 'update': {'new_password': '123456', 'new_telephone': '13599999998', 'new_sex': '1', 'new_address': '深圳市坪山区'}, 'except_result': True, 'except_code': 0, 'except_msg': '修改用户信息成功'}, 'test_user_register_login_update_fail': {'register': {'username': '测试test', 'password': '123456', 'telephone': '13599999999', 'sex': '1', 'address': '深圳市宝安区'}, 'login': {'admin_user': 'wintest', 'admin_pwd': '123456'}, 'update': {'new_password': '123456', 'new_telephone': '13599999998', 'new_sex': '1', 'new_address': '深圳市坪山区'}, 'except_result': False, 'except_code': 4005, 'except_msg': '修改的用户ID不存在'}, 'test_user_register_login_delete_success': {'admin_user': 'wintest', 'admin_pwd': '123456', 'username': '测试test', 'password': '123456', 'telephone': '13599999999', 'sex': '1', 'address': '深圳市宝安区', 'except_result': True, 'except_code': 0, 'except_msg': '删除用户信息成功'}, 'test_user_register_login_delete_fail': {'admin_user': 'wintest4', 'admin_pwd': '123456', 'username': '测试test', 'password': '123456', 'telephone': '13599999999', 'sex': '1', 'address': '深圳市宝安区', 'except_result': False, 'except_code': 3004, 'except_msg': '当前用户不是管理员用户'}} 
[2022-06-27 14:27:30,803][conftest.py 29][INFO]: ******************************
[2022-06-27 14:27:30,805][conftest.py 30][INFO]: 前置步骤开始 ==>> 清理数据
[2022-06-27 14:27:30,806][conftest.py 82][INFO]: 注册用户操作：清理用户--准备注册新用户
[2022-06-27 14:27:30,806][conftest.py 83][INFO]: 执行前置SQL：DELETE FROM user WHERE username = '测试test'
[2022-06-27 14:27:30,812][test_02_register.py 30][INFO]: *************** 开始执行用例 ***************
[2022-06-27 14:27:30,812][rest_client.py 51][INFO]: 接口请求地址 ==>> http://127.0.0.1:9999/register
[2022-06-27 14:27:30,813][rest_client.py 52][INFO]: 接口请求方式 ==>> POST
[2022-06-27 14:27:30,813][rest_client.py 54][INFO]: 接口请求头 ==>> {
    "Content-Type": "application/json"
}
[2022-06-27 14:27:30,813][rest_client.py 55][INFO]: 接口请求 params 参数 ==>> null
[2022-06-27 14:27:30,813][rest_client.py 56][INFO]: 接口请求体 data 参数 ==>> null
[2022-06-27 14:27:30,814][rest_client.py 57][INFO]: 接口请求体 json 参数 ==>> {
    "username": "测试test",
    "password": "123456",
    "sex": "1",
    "telephone": "13599999999",
    "address": "深圳市宝安区"
}
[2022-06-27 14:27:30,814][rest_client.py 58][INFO]: 接口上传附件 files 参数 ==>> None
[2022-06-27 14:27:30,814][rest_client.py 59][INFO]: 接口 cookies 参数 ==>> null
[2022-06-27 14:27:31,044][user.py 71][INFO]: 注册用户 ==>> 返回结果 ==>> {
  "code": 0, 
  "msg": "恭喜，注册成功！"
}

[2022-06-27 14:27:31,044][test_02_register.py 10][INFO]: 步骤1 ==>> 注册用户 ==>> 测试test, 123456, 13599999999, 1, 深圳市宝安区
[2022-06-27 14:27:31,045][test_02_register.py 36][INFO]: code ==>> 期望结果：0， 实际结果：【 0 】
[2022-06-27 14:27:31,046][test_02_register.py 39][INFO]: *************** 结束执行用例 ***************
[2022-06-27 14:27:31,468][conftest.py 35][INFO]: 后置步骤开始 ==>> 清理数据
[2022-06-27 14:27:31,469][conftest.py 87][INFO]: 注册用户操作：删除注册的用户
[2022-06-27 14:27:31,469][conftest.py 88][INFO]: 执行后置SQL：DELETE FROM user WHERE username = '测试test'
[2022-06-27 14:27:31,528][conftest.py 29][INFO]: ******************************
[2022-06-27 14:27:31,529][conftest.py 30][INFO]: 前置步骤开始 ==>> 清理数据
[2022-06-27 14:27:31,529][conftest.py 82][INFO]: 注册用户操作：清理用户--准备注册新用户
[2022-06-27 14:27:31,529][conftest.py 83][INFO]: 执行前置SQL：DELETE FROM user WHERE username = '测试test'
[2022-06-27 14:27:31,535][test_02_register.py 30][INFO]: *************** 开始执行用例 ***************
[2022-06-27 14:27:31,535][rest_client.py 51][INFO]: 接口请求地址 ==>> http://127.0.0.1:9999/register
[2022-06-27 14:27:31,536][rest_client.py 52][INFO]: 接口请求方式 ==>> POST
[2022-06-27 14:27:31,536][rest_client.py 54][INFO]: 接口请求头 ==>> {
    "Content-Type": "application/json"
}
[2022-06-27 14:27:31,537][rest_client.py 55][INFO]: 接口请求 params 参数 ==>> null
[2022-06-27 14:27:31,537][rest_client.py 56][INFO]: 接口请求体 data 参数 ==>> null
[2022-06-27 14:27:31,538][rest_client.py 57][INFO]: 接口请求体 json 参数 ==>> {
    "username": "测试test",
    "password": "123456",
    "sex": "3",
    "telephone": "13599999999",
    "address": "深圳市宝安区"
}
[2022-06-27 14:27:31,538][rest_client.py 58][INFO]: 接口上传附件 files 参数 ==>> None
[2022-06-27 14:27:31,539][rest_client.py 59][INFO]: 接口 cookies 参数 ==>> null
[2022-06-27 14:27:31,564][user.py 71][INFO]: 注册用户 ==>> 返回结果 ==>> {
  "code": 2003, 
  "msg": "输入的性别只能是 0(男) 或 1(女)！！！"
}

[2022-06-27 14:27:31,564][test_02_register.py 10][INFO]: 步骤1 ==>> 注册用户 ==>> 测试test, 123456, 13599999999, 3, 深圳市宝安区
[2022-06-27 14:27:31,565][test_02_register.py 36][INFO]: code ==>> 期望结果：2003， 实际结果：【 2003 】
[2022-06-27 14:27:31,566][test_02_register.py 39][INFO]: *************** 结束执行用例 ***************
[2022-06-27 14:27:31,609][conftest.py 35][INFO]: 后置步骤开始 ==>> 清理数据
[2022-06-27 14:27:31,610][conftest.py 87][INFO]: 注册用户操作：删除注册的用户
[2022-06-27 14:27:31,611][conftest.py 88][INFO]: 执行后置SQL：DELETE FROM user WHERE username = '测试test'
[2022-06-27 14:27:31,657][conftest.py 29][INFO]: ******************************
[2022-06-27 14:27:31,658][conftest.py 30][INFO]: 前置步骤开始 ==>> 清理数据
[2022-06-27 14:27:31,658][conftest.py 82][INFO]: 注册用户操作：清理用户--准备注册新用户
[2022-06-27 14:27:31,659][conftest.py 83][INFO]: 执行前置SQL：DELETE FROM user WHERE username = '测试test'
[2022-06-27 14:27:31,665][test_02_register.py 30][INFO]: *************** 开始执行用例 ***************
[2022-06-27 14:27:31,666][rest_client.py 51][INFO]: 接口请求地址 ==>> http://127.0.0.1:9999/register
[2022-06-27 14:27:31,666][rest_client.py 52][INFO]: 接口请求方式 ==>> POST
[2022-06-27 14:27:31,667][rest_client.py 54][INFO]: 接口请求头 ==>> {
    "Content-Type": "application/json"
}
[2022-06-27 14:27:31,667][rest_client.py 55][INFO]: 接口请求 params 参数 ==>> null
[2022-06-27 14:27:31,667][rest_client.py 56][INFO]: 接口请求体 data 参数 ==>> null
[2022-06-27 14:27:31,668][rest_client.py 57][INFO]: 接口请求体 json 参数 ==>> {
    "username": "wintest4",
    "password": "123456",
    "sex": "1",
    "telephone": "13599999999",
    "address": "深圳市宝安区"
}
[2022-06-27 14:27:31,668][rest_client.py 58][INFO]: 接口上传附件 files 参数 ==>> None
[2022-06-27 14:27:31,669][rest_client.py 59][INFO]: 接口 cookies 参数 ==>> null
[2022-06-27 14:27:31,908][user.py 71][INFO]: 注册用户 ==>> 返回结果 ==>> {
  "code": 0, 
  "msg": "恭喜，注册成功！"
}

[2022-06-27 14:27:31,909][test_02_register.py 10][INFO]: 步骤1 ==>> 注册用户 ==>> wintest4, 123456, 13599999999, 1, 深圳市宝安区
[2022-06-27 14:27:32,262][conftest.py 35][INFO]: 后置步骤开始 ==>> 清理数据
[2022-06-27 14:27:32,263][conftest.py 87][INFO]: 注册用户操作：删除注册的用户
[2022-06-27 14:27:32,264][conftest.py 88][INFO]: 执行后置SQL：DELETE FROM user WHERE username = '测试test'
[2022-06-27 14:31:55,923][read_data.py 35][INFO]: 加载 D:\333工作文件\学习资源\pytestDemo-master\config\setting.ini 文件......
[2022-06-27 14:31:55,974][read_data.py 35][INFO]: 加载 D:\333工作文件\学习资源\pytestDemo-master\config\setting.ini 文件......
[2022-06-27 14:31:55,979][read_data.py 21][INFO]: 加载 D:\333工作文件\学习资源\pytestDemo-master\data\base_data.yml 文件......
[2022-06-27 14:31:55,983][read_data.py 24][INFO]: 读到数据 ==>>  {'init_admin_user': {'username': 'wintest', 'password': '123456'}, 'init_sql': {'insert_delete_user': ["INSERT INTO user(username, password, role, sex, telephone, address) VALUES('测试test', '123456', '1', '1', '13488888888', '北京市海淀区')", "DELETE FROM user WHERE username = '测试test'"], 'delete_register_user': "DELETE FROM user WHERE username = '测试test'", 'update_user_telephone': "UPDATE user SET telephone = '13500010004' WHERE id = 4"}} 
[2022-06-27 14:31:55,984][read_data.py 21][INFO]: 加载 D:\333工作文件\学习资源\pytestDemo-master\data\api_test_data.yml 文件......
[2022-06-27 14:31:56,000][read_data.py 24][INFO]: 读到数据 ==>>  {'test_get_all_user_info': [[True, 0, '查询成功']], 'test_get_get_one_user_info': [['wintest4', True, 0, '查询成功'], ['wintest1111', False, '1004', '查不到相关用户']], 'test_register_user': [['测试test', '123456', '13599999999', '1', '深圳市宝安区', True, 0, '注册成功'], ['测试test', '123456', '13599999999', '3', '深圳市宝安区', False, 2003, '输入的性别只能是 0(男) 或 1(女)'], ['wintest4', '123456', '13599999999', '1', '深圳市宝安区', False, 2002, '用户名已存在']], 'test_login_user': [['wintest', '123456', True, 0, '登录成功'], ['测试test', '123456', False, 1003, '用户名不存在']], 'test_update_user': [[4, '123456', '13500010014', '1', '深圳市宝安区', True, 0, '修改用户信息成功'], [4, '123456', '1350001001', '1', '深圳市宝安区', False, 4008, '手机号格式不正确'], [111, '123456', '13500010014', '1', '深圳市宝安区', False, 4005, '用户ID不存在']], 'test_delete_user': [['测试test', True, 0, '删除用户信息成功'], ['wintest3', False, 3006, '该用户不允许删除']]} 
[2022-06-27 14:31:56,001][read_data.py 21][INFO]: 加载 D:\333工作文件\学习资源\pytestDemo-master\data\scenario_test_data.yml 文件......
[2022-06-27 14:31:56,018][read_data.py 24][INFO]: 读到数据 ==>>  {'test_user_register_login_list': {'username': '测试test', 'password': '123456', 'telephone': '13599999999', 'sex': '1', 'address': '深圳市宝安区', 'except_result': True, 'except_code': 0, 'except_msg': '查询成功'}, 'test_user_repeat_register': {'username': '测试test', 'password': '123456', 'telephone': '13599999999', 'sex': '1', 'address': '深圳市宝安区', 'except_result': False, 'except_code': 2002, 'except_msg': '用户名已存在，注册失败'}, 'test_user_register_login_update_success': {'register': {'username': '测试test', 'password': '123456', 'telephone': '13599999999', 'sex': '1', 'address': '深圳市宝安区'}, 'login': {'admin_user': 'wintest', 'admin_pwd': '123456'}, 'update': {'new_password': '123456', 'new_telephone': '13599999998', 'new_sex': '1', 'new_address': '深圳市坪山区'}, 'except_result': True, 'except_code': 0, 'except_msg': '修改用户信息成功'}, 'test_user_register_login_update_fail': {'register': {'username': '测试test', 'password': '123456', 'telephone': '13599999999', 'sex': '1', 'address': '深圳市宝安区'}, 'login': {'admin_user': 'wintest', 'admin_pwd': '123456'}, 'update': {'new_password': '123456', 'new_telephone': '13599999998', 'new_sex': '1', 'new_address': '深圳市坪山区'}, 'except_result': False, 'except_code': 4005, 'except_msg': '修改的用户ID不存在'}, 'test_user_register_login_delete_success': {'admin_user': 'wintest', 'admin_pwd': '123456', 'username': '测试test', 'password': '123456', 'telephone': '13599999999', 'sex': '1', 'address': '深圳市宝安区', 'except_result': True, 'except_code': 0, 'except_msg': '删除用户信息成功'}, 'test_user_register_login_delete_fail': {'admin_user': 'wintest4', 'admin_pwd': '123456', 'username': '测试test', 'password': '123456', 'telephone': '13599999999', 'sex': '1', 'address': '深圳市宝安区', 'except_result': False, 'except_code': 3004, 'except_msg': '当前用户不是管理员用户'}} 
[2022-06-27 14:31:56,182][conftest.py 29][INFO]: ******************************
[2022-06-27 14:31:56,183][conftest.py 30][INFO]: 前置步骤开始 ==>> 清理数据
[2022-06-27 14:31:56,184][conftest.py 82][INFO]: 注册用户操作：清理用户--准备注册新用户
[2022-06-27 14:31:56,184][conftest.py 83][INFO]: 执行前置SQL：DELETE FROM user WHERE username = '测试test'
[2022-06-27 14:31:56,193][test_02_register.py 30][INFO]: *************** 开始执行用例 ***************
[2022-06-27 14:31:56,194][rest_client.py 51][INFO]: 接口请求地址 ==>> http://127.0.0.1:9999/register
[2022-06-27 14:31:56,195][rest_client.py 52][INFO]: 接口请求方式 ==>> POST
[2022-06-27 14:31:56,195][rest_client.py 54][INFO]: 接口请求头 ==>> {
    "Content-Type": "application/json"
}
[2022-06-27 14:31:56,196][rest_client.py 55][INFO]: 接口请求 params 参数 ==>> null
[2022-06-27 14:31:56,196][rest_client.py 56][INFO]: 接口请求体 data 参数 ==>> null
[2022-06-27 14:31:56,197][rest_client.py 57][INFO]: 接口请求体 json 参数 ==>> {
    "username": "测试test",
    "password": "123456",
    "sex": "1",
    "telephone": "13599999999",
    "address": "深圳市宝安区"
}
[2022-06-27 14:31:56,197][rest_client.py 58][INFO]: 接口上传附件 files 参数 ==>> None
[2022-06-27 14:31:56,197][rest_client.py 59][INFO]: 接口 cookies 参数 ==>> null
[2022-06-27 14:31:56,218][user.py 71][INFO]: 注册用户 ==>> 返回结果 ==>> {
  "code": 2005, 
  "msg": "手机号已被注册！！！"
}

[2022-06-27 14:31:56,219][test_02_register.py 10][INFO]: 步骤1 ==>> 注册用户 ==>> 测试test, 123456, 13599999999, 1, 深圳市宝安区
[2022-06-27 14:31:56,499][conftest.py 35][INFO]: 后置步骤开始 ==>> 清理数据
[2022-06-27 14:31:56,500][conftest.py 87][INFO]: 注册用户操作：删除注册的用户
[2022-06-27 14:31:56,500][conftest.py 88][INFO]: 执行后置SQL：DELETE FROM user WHERE username = '测试test'
[2022-06-27 14:31:56,515][conftest.py 29][INFO]: ******************************
[2022-06-27 14:31:56,516][conftest.py 30][INFO]: 前置步骤开始 ==>> 清理数据
[2022-06-27 14:31:56,516][conftest.py 82][INFO]: 注册用户操作：清理用户--准备注册新用户
[2022-06-27 14:31:56,516][conftest.py 83][INFO]: 执行前置SQL：DELETE FROM user WHERE username = '测试test'
[2022-06-27 14:31:56,521][test_02_register.py 30][INFO]: *************** 开始执行用例 ***************
[2022-06-27 14:31:56,521][rest_client.py 51][INFO]: 接口请求地址 ==>> http://127.0.0.1:9999/register
[2022-06-27 14:31:56,521][rest_client.py 52][INFO]: 接口请求方式 ==>> POST
[2022-06-27 14:31:56,522][rest_client.py 54][INFO]: 接口请求头 ==>> {
    "Content-Type": "application/json"
}
[2022-06-27 14:31:56,522][rest_client.py 55][INFO]: 接口请求 params 参数 ==>> null
[2022-06-27 14:31:56,522][rest_client.py 56][INFO]: 接口请求体 data 参数 ==>> null
[2022-06-27 14:31:56,522][rest_client.py 57][INFO]: 接口请求体 json 参数 ==>> {
    "username": "测试test",
    "password": "123456",
    "sex": "3",
    "telephone": "13599999999",
    "address": "深圳市宝安区"
}
[2022-06-27 14:31:56,523][rest_client.py 58][INFO]: 接口上传附件 files 参数 ==>> None
[2022-06-27 14:31:56,523][rest_client.py 59][INFO]: 接口 cookies 参数 ==>> null
[2022-06-27 14:31:56,531][user.py 71][INFO]: 注册用户 ==>> 返回结果 ==>> {
  "code": 2003, 
  "msg": "输入的性别只能是 0(男) 或 1(女)！！！"
}

[2022-06-27 14:31:56,532][test_02_register.py 10][INFO]: 步骤1 ==>> 注册用户 ==>> 测试test, 123456, 13599999999, 3, 深圳市宝安区
[2022-06-27 14:31:56,532][test_02_register.py 36][INFO]: code ==>> 期望结果：2003， 实际结果：【 2003 】
[2022-06-27 14:31:56,533][test_02_register.py 39][INFO]: *************** 结束执行用例 ***************
[2022-06-27 14:31:56,554][conftest.py 35][INFO]: 后置步骤开始 ==>> 清理数据
[2022-06-27 14:31:56,555][conftest.py 87][INFO]: 注册用户操作：删除注册的用户
[2022-06-27 14:31:56,555][conftest.py 88][INFO]: 执行后置SQL：DELETE FROM user WHERE username = '测试test'
[2022-06-27 14:31:56,568][conftest.py 29][INFO]: ******************************
[2022-06-27 14:31:56,568][conftest.py 30][INFO]: 前置步骤开始 ==>> 清理数据
[2022-06-27 14:31:56,569][conftest.py 82][INFO]: 注册用户操作：清理用户--准备注册新用户
[2022-06-27 14:31:56,569][conftest.py 83][INFO]: 执行前置SQL：DELETE FROM user WHERE username = '测试test'
[2022-06-27 14:31:56,572][test_02_register.py 30][INFO]: *************** 开始执行用例 ***************
[2022-06-27 14:31:56,573][rest_client.py 51][INFO]: 接口请求地址 ==>> http://127.0.0.1:9999/register
[2022-06-27 14:31:56,573][rest_client.py 52][INFO]: 接口请求方式 ==>> POST
[2022-06-27 14:31:56,573][rest_client.py 54][INFO]: 接口请求头 ==>> {
    "Content-Type": "application/json"
}
[2022-06-27 14:31:56,573][rest_client.py 55][INFO]: 接口请求 params 参数 ==>> null
[2022-06-27 14:31:56,574][rest_client.py 56][INFO]: 接口请求体 data 参数 ==>> null
[2022-06-27 14:31:56,574][rest_client.py 57][INFO]: 接口请求体 json 参数 ==>> {
    "username": "wintest4",
    "password": "123456",
    "sex": "1",
    "telephone": "13599999999",
    "address": "深圳市宝安区"
}
[2022-06-27 14:31:56,574][rest_client.py 58][INFO]: 接口上传附件 files 参数 ==>> None
[2022-06-27 14:31:56,574][rest_client.py 59][INFO]: 接口 cookies 参数 ==>> null
[2022-06-27 14:31:56,585][user.py 71][INFO]: 注册用户 ==>> 返回结果 ==>> {
  "code": 2002, 
  "msg": "用户名已存在，注册失败！！！"
}

[2022-06-27 14:31:56,585][test_02_register.py 10][INFO]: 步骤1 ==>> 注册用户 ==>> wintest4, 123456, 13599999999, 1, 深圳市宝安区
[2022-06-27 14:31:56,586][test_02_register.py 36][INFO]: code ==>> 期望结果：2002， 实际结果：【 2002 】
[2022-06-27 14:31:56,586][test_02_register.py 39][INFO]: *************** 结束执行用例 ***************
[2022-06-27 14:31:56,643][conftest.py 35][INFO]: 后置步骤开始 ==>> 清理数据
[2022-06-27 14:31:56,643][conftest.py 87][INFO]: 注册用户操作：删除注册的用户
[2022-06-27 14:31:56,644][conftest.py 88][INFO]: 执行后置SQL：DELETE FROM user WHERE username = '测试test'
